query return state is: 0
row count is: 4
[
   [ "450010021", "田绝音", "1", "0" ],
   [ "450010042", "连半仙", "1", "0" ],
   [ "450010043", "景朝雪", "1", "0" ],
   [ "450010044", "苏世平", "1", "0" ]
]

[
   [
      [ "450010021", "田绝音", "1", "0" ]
   ],
   [
      [ "450010021", "田绝音", "1", "0" ],
      [ "450010042", "连半仙", "1", "0" ]
   ],
   [
      [ "450010021", "田绝音", "1", "0" ],
      [ "450010042", "连半仙", "1", "0" ],
      [ "450010043", "景朝雪", "1", "0" ]
   ],
   [
      [ "450010021", "田绝音", "1", "0" ],
      [ "450010042", "连半仙", "1", "0" ],
      [ "450010043", "景朝雪", "1", "0" ],
      [ "450010044", "苏世平", "1", "0" ]
   ]
]

